<?xml version="1.0" encoding="UTF-8"?>
<testsuite xmlns:xsi="http://www.w3.org/2001/XMLSchema-instance" xsi:noNamespaceSchemaLocation="https://maven.apache.org/surefire/maven-surefire-plugin/xsd/surefire-test-report-3.0.xsd" version="3.0" name="com.example.ss_ep2_s1.SsEp2S1ApplicationTests" time="8.492" tests="1" errors="0" skipped="0" failures="0">
  <properties>
[...]
</properties>
  <testcase name="contextLoads" classname="com.example.ss_ep2_s1.SsEp2S1ApplicationTests" time="1.37">
    <system-out><![CDATA[15:57:52.501 [main] INFO org.springframework.test.context.support.AnnotationConfigContextLoaderUtils -- Could not detect default configuration classes for test class [com.example.ss_ep2_s1.SsEp2S1ApplicationTests]: SsEp2S1ApplicationTests does not declare any static, non-private, non-final, nested classes annotated with @Configuration.
15:57:52.765 [main] INFO org.springframework.boot.test.context.SpringBootTestContextBootstrapper -- Found @SpringBootConfiguration com.example.ss_ep2_s1.SsEp2S1Application for test class com.example.ss_ep2_s1.SsEp2S1ApplicationTests

  .   ____          _            __ _ _
 /\\ / ___'_ __ _ _(_)_ __  __ _ \ \ \ \
( ( )\___ | '_ | '_| | '_ \/ _` | \ \ \ \
 \\/  ___)| |_)| | | | | || (_| |  ) ) ) )
  '  |____| .__|_| |_|_| |_\__, | / / / /
 =========|_|==============|___/=/_/_/_/
 :: Spring Boot ::                (v3.1.1)

2023-07-14T15:57:53.595+03:00  INFO 12292 --- [           main] c.e.ss_ep2_s1.SsEp2S1ApplicationTests    : Starting SsEp2S1ApplicationTests using Java 20.0.1 with PID 12292 (started by Developer in C:\Users\Developer\IdeaProjects\ss_ep2_s1)
2023-07-14T15:57:53.598+03:00  INFO 12292 --- [           main] c.e.ss_ep2_s1.SsEp2S1ApplicationTests    : No active profile set, falling back to 1 default profile: "default"
2023-07-14T15:57:54.815+03:00  INFO 12292 --- [           main] .s.d.r.c.RepositoryConfigurationDelegate : Bootstrapping Spring Data JPA repositories in DEFAULT mode.
2023-07-14T15:57:54.851+03:00  INFO 12292 --- [           main] .s.d.r.c.RepositoryConfigurationDelegate : Finished Spring Data repository scanning in 22 ms. Found 0 JPA repository interfaces.
2023-07-14T15:57:55.761+03:00  INFO 12292 --- [           main] o.hibernate.jpa.internal.util.LogHelper  : HHH000204: Processing PersistenceUnitInfo [name: default]
2023-07-14T15:57:55.870+03:00  INFO 12292 --- [           main] org.hibernate.Version                    : HHH000412: Hibernate ORM core version 6.2.5.Final
2023-07-14T15:57:55.873+03:00  INFO 12292 --- [           main] org.hibernate.cfg.Environment            : HHH000406: Using bytecode reflection optimizer
2023-07-14T15:57:56.170+03:00  INFO 12292 --- [           main] o.h.b.i.BytecodeProviderInitiator        : HHH000021: Bytecode provider name : bytebuddy
2023-07-14T15:57:56.426+03:00  INFO 12292 --- [           main] o.s.o.j.p.SpringPersistenceUnitInfo      : No LoadTimeWeaver setup: ignoring JPA class transformer
2023-07-14T15:57:56.450+03:00  INFO 12292 --- [           main] com.zaxxer.hikari.HikariDataSource       : HikariPool-1 - Starting...
2023-07-14T15:57:56.893+03:00  INFO 12292 --- [           main] com.zaxxer.hikari.pool.HikariPool        : HikariPool-1 - Added connection org.postgresql.jdbc.PgConnection@67763ebe
2023-07-14T15:57:56.895+03:00  INFO 12292 --- [           main] com.zaxxer.hikari.HikariDataSource       : HikariPool-1 - Start completed.
2023-07-14T15:57:57.103+03:00  INFO 12292 --- [           main] o.h.b.i.BytecodeProviderInitiator        : HHH000021: Bytecode provider name : bytebuddy
2023-07-14T15:57:57.516+03:00  INFO 12292 --- [           main] o.h.e.t.j.p.i.JtaPlatformInitiator       : HHH000490: Using JtaPlatform implementation: [org.hibernate.engine.transaction.jta.platform.internal.NoJtaPlatform]
2023-07-14T15:57:57.525+03:00  INFO 12292 --- [           main] j.LocalContainerEntityManagerFactoryBean : Initialized JPA EntityManagerFactory for persistence unit 'default'
2023-07-14T15:57:57.896+03:00  WARN 12292 --- [           main] JpaBaseConfiguration$JpaWebConfiguration : spring.jpa.open-in-view is enabled by default. Therefore, database queries may be performed during view rendering. Explicitly configure spring.jpa.open-in-view to disable this warning
2023-07-14T15:57:58.839+03:00  WARN 12292 --- [           main] .s.s.UserDetailsServiceAutoConfiguration : 

Using generated security password: 57d5a330-36ce-46cd-84f3-94a67a06e954

This generated password is for development use only. Your security configuration must be updated before running your application in production.

2023-07-14T15:57:59.069+03:00  INFO 12292 --- [           main] o.s.s.web.DefaultSecurityFilterChain     : Will secure any request with [org.springframework.security.web.session.DisableEncodeUrlFilter@52efb338, org.springframework.security.web.context.request.async.WebAsyncManagerIntegrationFilter@64508788, org.springframework.security.web.context.SecurityContextHolderFilter@5bc14211, org.springframework.security.web.header.HeaderWriterFilter@3664c596, org.springframework.security.web.csrf.CsrfFilter@16a499d1, org.springframework.security.web.authentication.logout.LogoutFilter@6a116354, org.springframework.security.web.authentication.UsernamePasswordAuthenticationFilter@65b5b5ed, org.springframework.security.web.authentication.ui.DefaultLoginPageGeneratingFilter@a1b7549, org.springframework.security.web.authentication.ui.DefaultLogoutPageGeneratingFilter@30b1c5d5, org.springframework.security.web.authentication.www.BasicAuthenticationFilter@2db3675a, org.springframework.security.web.savedrequest.RequestCacheAwareFilter@5d2e65bd, org.springframework.security.web.servletapi.SecurityContextHolderAwareRequestFilter@5ad50b02, org.springframework.security.web.authentication.AnonymousAuthenticationFilter@3e2d65e1, org.springframework.security.web.access.ExceptionTranslationFilter@523ade68, org.springframework.security.web.access.intercept.AuthorizationFilter@6212ea52]
2023-07-14T15:57:59.160+03:00  INFO 12292 --- [           main] c.e.ss_ep2_s1.SsEp2S1ApplicationTests    : Started SsEp2S1ApplicationTests in 6.132 seconds (process running for 8.126)
]]></system-out>
  </testcase>
</testsuite>